Wed Jan 29 16:00:50 MSK 2025 Enter your username:
Wed Jan 29 16:00:50 MSK 2025 Alex joined the chat.
Wed Jan 29 16:02:36 MSK 2025 Enter your username:
Wed Jan 29 16:02:36 MSK 2025 Alex joined the chat.
Wed Jan 29 16:02:57 MSK 2025 Alex: Как меня видно-слышно?
Wed Jan 29 16:02:57 MSK 2025 Alex: Как меня видно-слышно?
Wed Jan 29 16:04:26 MSK 2025 Connection closed
Wed Jan 29 16:06:28 MSK 2025 Enter your username:
Wed Jan 29 16:06:28 MSK 2025 Alex joined the chat.
Wed Jan 29 16:06:39 MSK 2025 Peter joined the chat.
Wed Jan 29 16:06:39 MSK 2025 Enter your username:
Wed Jan 29 16:06:39 MSK 2025 Peter joined the chat.
Wed Jan 29 16:07:15 MSK 2025 Peter: Привет, Алекс
Wed Jan 29 16:07:15 MSK 2025 Peter: Привет, Алекс
Wed Jan 29 16:07:15 MSK 2025 Peter: Привет, Алекс
Wed Jan 29 16:07:38 MSK 2025 Alex: Привет, Петер
Wed Jan 29 16:07:38 MSK 2025 Alex: Привет, Петер
Wed Jan 29 16:07:38 MSK 2025 Alex: Привет, Петер
Wed Jan 29 16:08:09 MSK 2025 Alex: Как поживаешь, братан?
Wed Jan 29 16:08:09 MSK 2025 Alex: Как поживаешь, братан?
Wed Jan 29 16:08:09 MSK 2025 Alex: Как поживаешь, братан?
Wed Jan 29 16:08:30 MSK 2025 Peter: Поживаю, как ботан
Wed Jan 29 16:08:30 MSK 2025 Peter: Поживаю, как ботан
Wed Jan 29 16:08:30 MSK 2025 Peter: Поживаю, как ботан
Wed Jan 29 16:09:01 MSK 2025 Alex: Ладно, будь здоров, не чихай!)
Wed Jan 29 16:09:01 MSK 2025 Alex: Ладно, будь здоров, не чихай!)
Wed Jan 29 16:09:01 MSK 2025 Alex: Ладно, будь здоров, не чихай!)
Wed Jan 29 16:09:18 MSK 2025 Peter: И тебе не хворать...)
Wed Jan 29 16:09:18 MSK 2025 Peter: И тебе не хворать...)
Wed Jan 29 16:09:18 MSK 2025 Peter: И тебе не хворать...)
Wed Jan 29 16:09:38 MSK 2025 Connection closed
Wed Jan 29 16:09:38 MSK 2025 Peter left the chat.
Wed Jan 29 16:09:50 MSK 2025 Connection closed
Wed Feb 19 08:06:26 EST 2025 Enter your username:
Wed Feb 19 08:06:26 EST 2025 Alex joined the chat.
Wed Feb 19 08:08:11 EST 2025 Petya joined the chat.
Wed Feb 19 08:08:11 EST 2025 Enter your username:
Wed Feb 19 08:08:11 EST 2025 Petya joined the chat.
Wed Feb 19 08:08:52 EST 2025 Petya: Wassup body?
Wed Feb 19 08:08:52 EST 2025 Petya: Wassup body?
Wed Feb 19 08:08:52 EST 2025 Petya: Wassup body?
Wed Feb 19 08:09:21 EST 2025 Petya: Doing OK
Wed Feb 19 08:09:21 EST 2025 Petya: Doing OK
Wed Feb 19 08:09:21 EST 2025 Petya: Doing OK
Wed Feb 19 08:09:57 EST 2025 Alex: Nice!!!
Wed Feb 19 08:09:57 EST 2025 Alex: Nice!!!
Wed Feb 19 08:09:57 EST 2025 Alex: Nice!!!
Wed Feb 19 08:12:07 EST 2025 Petya left the chat.
Wed Feb 19 08:12:50 EST 2025 Error: Connection refused: connect
Wed Feb 19 08:13:32 EST 2025 Enter your username:
Wed Feb 19 08:13:32 EST 2025 Uasya joined the chat.
Wed Feb 19 08:13:52 EST 2025 Alex joined the chat.
Wed Feb 19 08:13:52 EST 2025 Enter your username:
Wed Feb 19 08:13:52 EST 2025 Alex joined the chat.
Wed Feb 19 08:14:14 EST 2025 Alex left the chat.
Wed Feb 19 08:16:16 EST 2025 Error: Connection refused: connect
Wed Feb 19 08:16:28 EST 2025 Error: Connection refused: connect
Wed Feb 19 08:17:29 EST 2025 Alex joined the chat.
Wed Feb 19 08:17:45 EST 2025 Uasya joined the chat.
Wed Feb 19 08:17:45 EST 2025 Uasya joined the chat.
Wed Feb 19 08:17:55 EST 2025 Uasya: Hey!
Wed Feb 19 08:17:55 EST 2025 Uasya: Hey!
Wed Feb 19 08:17:55 EST 2025 Uasya: Hey!
Wed Feb 19 08:18:38 EST 2025 Alex: Wassup?
Wed Feb 19 08:18:38 EST 2025 Alex: Wassup?
Wed Feb 19 08:18:38 EST 2025 Alex: Wassup?
Wed Feb 19 08:19:36 EST 2025 Uasya left the chat.
