Wed Jan 29 15:33:43 MSK 2025 Server started on port 12345
Wed Jan 29 15:41:02 MSK 2025 Server started on port 12345
Wed Jan 29 15:42:58 MSK 2025 Server started on port 12345
Wed Jan 29 15:43:20 MSK 2025 Server started on port 12345
Wed Jan 29 15:51:53 MSK 2025 Server started on port 12345
Wed Jan 29 15:56:50 MSK 2025 Server started on port 12345
Wed Jan 29 16:00:50 MSK 2025 Alex joined the chat.
Wed Jan 29 16:02:26 MSK 2025 Error: Connection reset
Wed Jan 29 16:02:26 MSK 2025 Alex left the chat.
Wed Jan 29 16:02:36 MSK 2025 Alex joined the chat.
Wed Jan 29 16:02:57 MSK 2025 Alex: Как меня видно-слышно?
Wed Jan 29 16:04:26 MSK 2025 Alex left the chat.
Wed Jan 29 16:06:11 MSK 2025 Server started on port 12345
Wed Jan 29 16:06:28 MSK 2025 Alex joined the chat.
Wed Jan 29 16:06:39 MSK 2025 Peter joined the chat.
Wed Jan 29 16:07:15 MSK 2025 Peter: Привет, Алекс
Wed Jan 29 16:07:38 MSK 2025 Alex: Привет, Петер
Wed Jan 29 16:08:09 MSK 2025 Alex: Как поживаешь, братан?
Wed Jan 29 16:08:30 MSK 2025 Peter: Поживаю, как ботан
Wed Jan 29 16:09:01 MSK 2025 Alex: Ладно, будь здоров, не чихай!)
Wed Jan 29 16:09:18 MSK 2025 Peter: И тебе не хворать...)
Wed Jan 29 16:09:38 MSK 2025 Peter left the chat.
Wed Jan 29 16:09:50 MSK 2025 Alex left the chat.
